This is pdfTeX, Version 3.14159265-2.6-1.40.20 (TeX Live 2019) (preloaded format=pdflatex 2019.9.13)  26 NOV 2019 16:33
entering extended mode
 restricted \write18 enabled.
 %&-line parsing enabled.
**foreword.tex
(./foreword.tex
LaTeX2e <2018-12-01>
(/usr/local/texlive/2019basic/texmf-dist/tex/latex/subfiles/subfiles.cls
Document Class: subfiles 2019/10/30 v1.5 Multi-file projects (class)
Preamble taken from file `main.tex'
(/usr/local/texlive/2019basic/texmf-dist/tex/latex/tools/verbatim.sty
Package: verbatim 2019/11/10 v1.5r LaTeX2e package for verbatim enhancements
\every@verbatim=\toks14
\verbatim@line=\toks15
\verbatim@in@stream=\read1
)
(/usr/local/texlive/2019basic/texmf-dist/tex/latex/import/import.sty
Package: import 2009/03/23  v 5.1
)

! LaTeX Error: File `main.tex' not found.

Type X to quit or <RETURN> to proceed,
or enter new name. (Default extension: tex)

Enter file name: 
! Emergency stop.
<read *> 
         
l.59 \subimport{\subfiles@dir}{\subfiles@base}
                                              ^^M
*** (cannot \read from terminal in nonstop modes)

 
Here is how much of TeX's memory you used:
 78 strings out of 494060
 1527 string characters out of 6163035
 54901 words of memory out of 5000000
 3869 multiletter control sequences out of 15000+600000
 3640 words of font info for 14 fonts, out of 8000000 for 9000
 319 hyphenation exceptions out of 8191
 23i,0n,18p,128b,16s stack positions out of 5000i,500n,10000p,200000b,80000s
!  ==> Fatal error occurred, no output PDF file produced!
